
======= JLite Program =======

class Main{
  void main(Int i,Int a,Int b,Int d){
    Int t1;
    Int t2;
    Compute help;
    While(true)
    {
      t1=t2;
    }
  }

} 

class Dummy{
  Compute c;
  Int i;
  Dummy j;

  Int dummy(){
    Bool i;
    Bool j;
    If([i,j](||))
    {
      Return 1;
    }
    else
    {
      While(i)
      {
        i=(!)[j];
      }
      c=[this.getCompute()];
    }
    Return [[this.getCompute()].square((-)[3])];
    Return i;
  }


  Compute getCompute(){
    Return c;
  }

}

======= End of JLite Program =======


